<?xml version="1.0" encoding="UTF-8"?>
<!-- Generated by org.testng.reporters.JUnitReportReporter -->
<testsuite hostname="IN-FVFGW7NUQ05D.local" failures="0" tests="1" name="com.flipkart.automation.tests.SearchProductTest" time="50.845" errors="0" timestamp="2023-08-07T00:20:37 IST" skipped="0">
  <testcase classname="com.flipkart.automation.tests.SearchProductTest" name="searchProductTest" time="50.845"/>
</testsuite> <!-- com.flipkart.automation.tests.SearchProductTest -->
