<?xml version="1.0" encoding="UTF-8"?>
<!-- Generated by org.testng.reporters.JUnitReportReporter -->
<testsuite hostname="IN-FVFYH0FSHV2D.local" failures="0" tests="2" name="com.flipkart.automation.tests.SortProductTest" time="36.001" errors="0" timestamp="2023-07-05T20:28:27 IST" skipped="0">
  <testcase classname="com.flipkart.automation.tests.SortProductTest" name="sortProductTest" time="21.813"/>
  <testcase classname="com.flipkart.automation.tests.SortProductTest" name="sortProductTest" time="14.188"/>
</testsuite> <!-- com.flipkart.automation.tests.SortProductTest -->
