<?xml version="1.0" encoding="UTF-8"?>
<!-- Generated by org.testng.reporters.JUnitReportReporter -->
<testsuite hostname="AAAW-BM991S2DT.man.co" failures="0" tests="1" name="com.flipkart.automation.tests.SearchProductTest" time="26.380" errors="0" timestamp="2023-07-05T17:10:13 IST" skipped="0">
  <testcase classname="com.flipkart.automation.tests.SearchProductTest" name="searchProductTest" time="26.380"/>
</testsuite> <!-- com.flipkart.automation.tests.SearchProductTest -->
