<?xml version="1.0" encoding="UTF-8"?>
<!-- Generated by org.testng.reporters.JUnitReportReporter -->
<testsuite hostname="IN-FVFYH0FSHV2D.local" failures="0" tests="1" name="com.flipkart.automation.tests.SearchProductByCategoryTest" time="34.673" errors="0" timestamp="2023-07-05T11:54:25 IST" skipped="0">
  <testcase classname="com.flipkart.automation.tests.SearchProductByCategoryTest" name="searchProductTest" time="34.673"/>
</testsuite> <!-- com.flipkart.automation.tests.SearchProductByCategoryTest -->
