<?xml version="1.0" encoding="UTF-8"?>
<!-- Generated by org.testng.reporters.JUnitReportReporter -->
<testsuite hostname="IN-FVFYH0FSHV2D.local" failures="0" tests="2" name="com.flipkart.automation.tests.SortProductTest" time="44.464" errors="0" timestamp="2023-07-05T22:48:31 IST" skipped="0">
  <testcase classname="com.flipkart.automation.tests.SortProductTest" name="sortProductTest" time="21.343"/>
  <testcase classname="com.flipkart.automation.tests.SortProductTest" name="sortProductTest" time="23.121"/>
</testsuite> <!-- com.flipkart.automation.tests.SortProductTest -->
