<?xml version="1.0" encoding="UTF-8"?>
<!-- Generated by org.testng.reporters.JUnitReportReporter -->
<testsuite hostname="IN-FVFYH0FSHV2D.local" failures="0" tests="1" name="com.flipkart.automation.tests.SearchProductTest" time="81.917" errors="0" timestamp="2023-07-05T20:36:45 IST" skipped="0">
  <testcase classname="com.flipkart.automation.tests.SearchProductTest" name="searchProductTest" time="81.917"/>
</testsuite> <!-- com.flipkart.automation.tests.SearchProductTest -->
